# JRE version: Java(TM) SE Runtime Environment (8.0_25-b17) (build 1.8.0_25-b17)
# Java VM: Java HotSpot(TM) 64-Bit Server VM (25.25-b02 mixed mode bsd-amd64 compressed oops)
Heap:
 PSYoungGen      total 18944K, used 13152K [0x00000007aab00000, 0x00000007ac000000, 0x00000007c0000000)
  eden space 16384K, 70% used [0x00000007aab00000,0x00000007ab6463e8,0x00000007abb00000)
  from space 2560K, 62% used [0x00000007abd80000,0x00000007abf11e70,0x00000007ac000000)
  to   space 2560K, 0% used [0x00000007abb00000,0x00000007abb00000,0x00000007abd80000)
 ParOldGen       total 169984K, used 167574K [0x0000000780000000, 0x000000078a600000, 0x00000007aab00000)
  object space 169984K, 98% used [0x0000000780000000,0x000000078a3a5900,0x000000078a600000)
 Metaspace       used 8728K, capacity 8841K, committed 8960K, reserved 1056768K
  class space    used 875K, capacity 919K, committed 1024K, reserved 1048576K
GC Heap History (4 events):
Event: 0.964 GC heap before
{Heap before GC invocations=1 (full 0):
 PSYoungGen      total 18944K, used 15080K [0x00000007aab00000, 0x00000007ac000000, 0x00000007c0000000)
  eden space 16384K, 92% used [0x00000007aab00000,0x00000007ab9ba120,0x00000007abb00000)
  from space 2560K, 0% used [0x00000007abd80000,0x00000007abd80000,0x00000007ac000000)
  to   space 2560K, 0% used [0x00000007abb00000,0x00000007abb00000,0x00000007abd80000)
 ParOldGen       total 44032K, used 0K [0x0000000780000000, 0x0000000782b00000, 0x00000007aab00000)
  object space 44032K, 0% used [0x0000000780000000,0x0000000780000000,0x0000000782b00000)
 Metaspace       used 8399K, capacity 8521K, committed 8704K, reserved 1056768K
  class space    used 862K, capacity 919K, committed 1024K, reserved 1048576K
Event: 0.970 GC heap after
Heap after GC invocations=1 (full 0):
 PSYoungGen      total 18944K, used 2533K [0x00000007aab00000, 0x00000007ac000000, 0x00000007c0000000)
  eden space 16384K, 0% used [0x00000007aab00000,0x00000007aab00000,0x00000007abb00000)
  from space 2560K, 98% used [0x00000007abb00000,0x00000007abd79680,0x00000007abd80000)
  to   space 2560K, 0% used [0x00000007abd80000,0x00000007abd80000,0x00000007ac000000)
 ParOldGen       total 44032K, used 2308K [0x0000000780000000, 0x0000000782b00000, 0x00000007aab00000)
  object space 44032K, 5% used [0x0000000780000000,0x0000000780241298,0x0000000782b00000)
 Metaspace       used 8399K, capacity 8521K, committed 8704K, reserved 1056768K
  class space    used 862K, capacity 919K, committed 1024K, reserved 1048576K
}
Event: 2.697 GC heap before
{Heap before GC invocations=2 (full 0):
 PSYoungGen      total 18944K, used 18914K [0x00000007aab00000, 0x00000007ac000000, 0x00000007c0000000)
  eden space 16384K, 99% used [0x00000007aab00000,0x00000007abaff480,0x00000007abb00000)
  from space 2560K, 98% used [0x00000007abb00000,0x00000007abd79680,0x00000007abd80000)
  to   space 2560K, 0% used [0x00000007abd80000,0x00000007abd80000,0x00000007ac000000)
 ParOldGen       total 108032K, used 82056K [0x0000000780000000, 0x0000000786980000, 0x00000007aab00000)
  object space 108032K, 75% used [0x0000000780000000,0x0000000785022308,0x0000000786980000)
 Metaspace       used 8430K, capacity 8585K, committed 8704K, reserved 1056768K
  class space    used 863K, capacity 919K, committed 1024K, reserved 1048576K
Event: 2.700 GC heap after
Heap after GC invocations=2 (full 0):
 PSYoungGen      total 18944K, used 1607K [0x00000007aab00000, 0x00000007ac000000, 0x00000007c0000000)
  eden space 16384K, 0% used [0x00000007aab00000,0x00000007aab00000,0x00000007abb00000)
  from space 2560K, 62% used [0x00000007abd80000,0x00000007abf11e70,0x00000007ac000000)
  to   space 2560K, 0% used [0x00000007abb00000,0x00000007abb00000,0x00000007abd80000)
 ParOldGen       total 108032K, used 82064K [0x0000000780000000, 0x0000000786980000, 0x00000007aab00000)
  object space 108032K, 75% used [0x0000000780000000,0x0000000785024308,0x0000000786980000)
 Metaspace       used 8430K, capacity 8585K, committed 8704K, reserved 1056768K
  class space    used 863K, capacity 919K, committed 1024K, reserved 1048576K
}

