# JRE version: Java(TM) SE Runtime Environment (8.0_25-b17) (build 1.8.0_25-b17)
# Java VM: Java HotSpot(TM) 64-Bit Server VM (25.25-b02 mixed mode bsd-amd64 compressed oops)
Heap:
 PSYoungGen      total 18944K, used 5189K [0x00000007aab00000, 0x00000007ac000000, 0x00000007c0000000)
  eden space 16384K, 18% used [0x00000007aab00000,0x00000007aae08168,0x00000007abb00000)
  from space 2560K, 81% used [0x00000007abd80000,0x00000007abf89660,0x00000007ac000000)
  to   space 2560K, 0% used [0x00000007abb00000,0x00000007abb00000,0x00000007abd80000)
 ParOldGen       total 108032K, used 82281K [0x0000000780000000, 0x0000000786980000, 0x00000007aab00000)
  object space 108032K, 76% used [0x0000000780000000,0x000000078505a528,0x0000000786980000)
 Metaspace       used 11348K, capacity 11523K, committed 11776K, reserved 1060864K
  class space    used 1180K, capacity 1214K, committed 1280K, reserved 1048576K
GC Heap History (4 events):
Event: 1.153 GC heap before
{Heap before GC invocations=1 (full 0):
 PSYoungGen      total 18944K, used 16048K [0x00000007aab00000, 0x00000007ac000000, 0x00000007c0000000)
  eden space 16384K, 97% used [0x00000007aab00000,0x00000007abaac310,0x00000007abb00000)
  from space 2560K, 0% used [0x00000007abd80000,0x00000007abd80000,0x00000007ac000000)
  to   space 2560K, 0% used [0x00000007abb00000,0x00000007abb00000,0x00000007abd80000)
 ParOldGen       total 44032K, used 0K [0x0000000780000000, 0x0000000782b00000, 0x00000007aab00000)
  object space 44032K, 0% used [0x0000000780000000,0x0000000780000000,0x0000000782b00000)
 Metaspace       used 11098K, capacity 11267K, committed 11520K, reserved 1058816K
  class space    used 1173K, capacity 1214K, committed 1280K, reserved 1048576K
Event: 1.159 GC heap after
Heap after GC invocations=1 (full 0):
 PSYoungGen      total 18944K, used 2533K [0x00000007aab00000, 0x00000007ac000000, 0x00000007c0000000)
  eden space 16384K, 0% used [0x00000007aab00000,0x00000007aab00000,0x00000007abb00000)
  from space 2560K, 98% used [0x00000007abb00000,0x00000007abd79690,0x00000007abd80000)
  to   space 2560K, 0% used [0x00000007abd80000,0x00000007abd80000,0x00000007ac000000)
 ParOldGen       total 44032K, used 2525K [0x0000000780000000, 0x0000000782b00000, 0x00000007aab00000)
  object space 44032K, 5% used [0x0000000780000000,0x00000007802774b8,0x0000000782b00000)
 Metaspace       used 11098K, capacity 11267K, committed 11520K, reserved 1058816K
  class space    used 1173K, capacity 1214K, committed 1280K, reserved 1048576K
}
Event: 2.360 GC heap before
{Heap before GC invocations=2 (full 0):
 PSYoungGen      total 18944K, used 18917K [0x00000007aab00000, 0x00000007ac000000, 0x00000007c0000000)
  eden space 16384K, 100% used [0x00000007aab00000,0x00000007abb00000,0x00000007abb00000)
  from space 2560K, 98% used [0x00000007abb00000,0x00000007abd79690,0x00000007abd80000)
  to   space 2560K, 0% used [0x00000007abd80000,0x00000007abd80000,0x00000007ac000000)
 ParOldGen       total 77312K, used 51677K [0x0000000780000000, 0x0000000784b80000, 0x00000007aab00000)
  object space 77312K, 66% used [0x0000000780000000,0x00000007832774d8,0x0000000784b80000)
 Metaspace       used 11109K, capacity 11267K, committed 11520K, reserved 1058816K
  class space    used 1173K, capacity 1214K, committed 1280K, reserved 1048576K
Event: 2.362 GC heap after
Heap after GC invocations=2 (full 0):
 PSYoungGen      total 18944K, used 2085K [0x00000007aab00000, 0x00000007ac000000, 0x00000007c0000000)
  eden space 16384K, 0% used [0x00000007aab00000,0x00000007aab00000,0x00000007abb00000)
  from space 2560K, 81% used [0x00000007abd80000,0x00000007abf89660,0x00000007ac000000)
  to   space 2560K, 0% used [0x00000007abb00000,0x00000007abb00000,0x00000007abd80000)
 ParOldGen       total 77312K, used 51685K [0x0000000780000000, 0x0000000784b80000, 0x00000007aab00000)
  object space 77312K, 66% used [0x0000000780000000,0x00000007832794d8,0x0000000784b80000)
 Metaspace       used 11109K, capacity 11267K, committed 11520K, reserved 1058816K
  class space    used 1173K, capacity 1214K, committed 1280K, reserved 1048576K
}

