# JRE version: Java(TM) SE Runtime Environment (8.0_25-b17) (build 1.8.0_25-b17)
# Java VM: Java HotSpot(TM) 64-Bit Server VM (25.25-b02 mixed mode bsd-amd64 compressed oops)
Heap:
 PSYoungGen      total 18944K, used 12877K [0x00000007aab00000, 0x00000007ac000000, 0x00000007c0000000)
  eden space 16384K, 67% used [0x00000007aab00000,0x00000007ab5c7200,0x00000007abb00000)
  from space 2560K, 71% used [0x00000007abd80000,0x00000007abf4c2b0,0x00000007ac000000)
  to   space 2560K, 0% used [0x00000007abb00000,0x00000007abb00000,0x00000007abd80000)
 ParOldGen       total 173056K, used 170461K [0x0000000780000000, 0x000000078a900000, 0x00000007aab00000)
  object space 173056K, 98% used [0x0000000780000000,0x000000078a6776b8,0x000000078a900000)
 Metaspace       used 8680K, capacity 8769K, committed 8960K, reserved 1056768K
  class space    used 875K, capacity 919K, committed 1024K, reserved 1048576K
GC Heap History (4 events):
Event: 2.735 GC heap before
{Heap before GC invocations=1 (full 0):
 PSYoungGen      total 18944K, used 14547K [0x00000007aab00000, 0x00000007ac000000, 0x00000007c0000000)
  eden space 16384K, 88% used [0x00000007aab00000,0x00000007ab934eb8,0x00000007abb00000)
  from space 2560K, 0% used [0x00000007abd80000,0x00000007abd80000,0x00000007ac000000)
  to   space 2560K, 0% used [0x00000007abb00000,0x00000007abb00000,0x00000007abd80000)
 ParOldGen       total 44032K, used 0K [0x0000000780000000, 0x0000000782b00000, 0x00000007aab00000)
  object space 44032K, 0% used [0x0000000780000000,0x0000000780000000,0x0000000782b00000)
 Metaspace       used 8366K, capacity 8513K, committed 8704K, reserved 1056768K
  class space    used 862K, capacity 919K, committed 1024K, reserved 1048576K
Event: 2.740 GC heap after
Heap after GC invocations=1 (full 0):
 PSYoungGen      total 18944K, used 2545K [0x00000007aab00000, 0x00000007ac000000, 0x00000007c0000000)
  eden space 16384K, 0% used [0x00000007aab00000,0x00000007aab00000,0x00000007abb00000)
  from space 2560K, 99% used [0x00000007abb00000,0x00000007abd7c7a8,0x00000007abd80000)
  to   space 2560K, 0% used [0x00000007abd80000,0x00000007abd80000,0x00000007ac000000)
 ParOldGen       total 44032K, used 2241K [0x0000000780000000, 0x0000000782b00000, 0x00000007aab00000)
  object space 44032K, 5% used [0x0000000780000000,0x0000000780230608,0x0000000782b00000)
 Metaspace       used 8366K, capacity 8513K, committed 8704K, reserved 1056768K
  class space    used 862K, capacity 919K, committed 1024K, reserved 1048576K
}
Event: 4.719 GC heap before
{Heap before GC invocations=2 (full 0):
 PSYoungGen      total 18944K, used 18929K [0x00000007aab00000, 0x00000007ac000000, 0x00000007c0000000)
  eden space 16384K, 100% used [0x00000007aab00000,0x00000007abb00000,0x00000007abb00000)
  from space 2560K, 99% used [0x00000007abb00000,0x00000007abd7c7a8,0x00000007abd80000)
  to   space 2560K, 0% used [0x00000007abd80000,0x00000007abd80000,0x00000007ac000000)
 ParOldGen       total 107520K, used 81161K [0x0000000780000000, 0x0000000786900000, 0x00000007aab00000)
  object space 107520K, 75% used [0x0000000780000000,0x0000000784f42438,0x0000000786900000)
 Metaspace       used 8435K, capacity 8577K, committed 8704K, reserved 1056768K
  class space    used 868K, capacity 919K, committed 1024K, reserved 1048576K
Event: 4.722 GC heap after
Heap after GC invocations=2 (full 0):
 PSYoungGen      total 18944K, used 1840K [0x00000007aab00000, 0x00000007ac000000, 0x00000007c0000000)
  eden space 16384K, 0% used [0x00000007aab00000,0x00000007aab00000,0x00000007abb00000)
  from space 2560K, 71% used [0x00000007abd80000,0x00000007abf4c2b0,0x00000007ac000000)
  to   space 2560K, 0% used [0x00000007abb00000,0x00000007abb00000,0x00000007abd80000)
 ParOldGen       total 107520K, used 81169K [0x0000000780000000, 0x0000000786900000, 0x00000007aab00000)
  object space 107520K, 75% used [0x0000000780000000,0x0000000784f44438,0x0000000786900000)
 Metaspace       used 8435K, capacity 8577K, committed 8704K, reserved 1056768K
  class space    used 868K, capacity 919K, committed 1024K, reserved 1048576K
}

