# JRE version: Java(TM) SE Runtime Environment (8.0_25-b17) (build 1.8.0_25-b17)
# Java VM: Java HotSpot(TM) 64-Bit Server VM (25.25-b02 mixed mode bsd-amd64 compressed oops)
Heap:
 PSYoungGen      total 20480K, used 1441K [0x00000007aab00000, 0x00000007ac880000, 0x00000007c0000000)
  eden space 16384K, 2% used [0x00000007aab00000,0x00000007aab53ce8,0x00000007abb00000)
  from space 4096K, 27% used [0x00000007abb00000,0x00000007abc14a40,0x00000007abf00000)
  to   space 4096K, 0% used [0x00000007ac480000,0x00000007ac480000,0x00000007ac880000)
 ParOldGen       total 41472K, used 10384K [0x0000000780000000, 0x0000000782880000, 0x00000007aab00000)
  object space 41472K, 25% used [0x0000000780000000,0x0000000780a24398,0x0000000782880000)
 Metaspace       used 11504K, capacity 11649K, committed 11776K, reserved 1060864K
  class space    used 1176K, capacity 1213K, committed 1280K, reserved 1048576K
GC Heap History (10 events):
Event: 19.742 GC heap before
{Heap before GC invocations=18 (full 6):
 PSYoungGen      total 20992K, used 15390K [0x00000007aab00000, 0x00000007ac400000, 0x00000007c0000000)
  eden space 16384K, 93% used [0x00000007aab00000,0x00000007aba07b88,0x00000007abb00000)
  from space 4608K, 0% used [0x00000007abb00000,0x00000007abb00000,0x00000007abf80000)
  to   space 4608K, 0% used [0x00000007abf80000,0x00000007abf80000,0x00000007ac400000)
 ParOldGen       total 43520K, used 33365K [0x0000000780000000, 0x0000000782a80000, 0x00000007aab00000)
  object space 43520K, 76% used [0x0000000780000000,0x0000000782095540,0x0000000782a80000)
 Metaspace       used 7270K, capacity 7367K, committed 7552K, reserved 1056768K
  class space    used 732K, capacity 790K, committed 896K, reserved 1048576K
Event: 19.743 GC heap after
Heap after GC invocations=18 (full 6):
 PSYoungGen      total 19968K, used 1557K [0x00000007aab00000, 0x00000007ac300000, 0x00000007c0000000)
  eden space 16384K, 0% used [0x00000007aab00000,0x00000007aab00000,0x00000007abb00000)
  from space 3584K, 43% used [0x00000007abf80000,0x00000007ac105650,0x00000007ac300000)
  to   space 4096K, 0% used [0x00000007abb00000,0x00000007abb00000,0x00000007abf00000)
 ParOldGen       total 43520K, used 33365K [0x0000000780000000, 0x0000000782a80000, 0x00000007aab00000)
  object space 43520K, 76% used [0x0000000780000000,0x0000000782095540,0x0000000782a80000)
 Metaspace       used 7270K, capacity 7367K, committed 7552K, reserved 1056768K
  class space    used 732K, capacity 790K, committed 896K, reserved 1048576K
}
Event: 20.122 GC heap before
{Heap before GC invocations=19 (full 6):
 PSYoungGen      total 19968K, used 17503K [0x00000007aab00000, 0x00000007ac300000, 0x00000007c0000000)
  eden space 16384K, 97% used [0x00000007aab00000,0x00000007aba92828,0x00000007abb00000)
  from space 3584K, 43% used [0x00000007abf80000,0x00000007ac105650,0x00000007ac300000)
  to   space 4096K, 0% used [0x00000007abb00000,0x00000007abb00000,0x00000007abf00000)
 ParOldGen       total 73216K, used 62091K [0x0000000780000000, 0x0000000784780000, 0x00000007aab00000)
  object space 73216K, 84% used [0x0000000780000000,0x0000000783ca2fc8,0x0000000784780000)
 Metaspace       used 7270K, capacity 7367K, committed 7552K, reserved 1056768K
  class space    used 732K, capacity 790K, committed 896K, reserved 1048576K
Event: 20.122 GC heap after
Heap after GC invocations=19 (full 6):
 PSYoungGen      total 20480K, used 757K [0x00000007aab00000, 0x00000007ac300000, 0x00000007c0000000)
  eden space 16384K, 0% used [0x00000007aab00000,0x00000007aab00000,0x00000007abb00000)
  from space 4096K, 18% used [0x00000007abb00000,0x00000007abbbd650,0x00000007abf00000)
  to   space 4096K, 0% used [0x00000007abf00000,0x00000007abf00000,0x00000007ac300000)
 ParOldGen       total 73216K, used 62091K [0x0000000780000000, 0x0000000784780000, 0x00000007aab00000)
  object space 73216K, 84% used [0x0000000780000000,0x0000000783ca2fc8,0x0000000784780000)
 Metaspace       used 7270K, capacity 7367K, committed 7552K, reserved 1056768K
  class space    used 732K, capacity 790K, committed 896K, reserved 1048576K
}
Event: 20.335 GC heap before
{Heap before GC invocations=20 (full 6):
 PSYoungGen      total 20480K, used 16977K [0x00000007aab00000, 0x00000007ac300000, 0x00000007c0000000)
  eden space 16384K, 98% used [0x00000007aab00000,0x00000007abad7098,0x00000007abb00000)
  from space 4096K, 18% used [0x00000007abb00000,0x00000007abbbd650,0x00000007abf00000)
  to   space 4096K, 0% used [0x00000007abf00000,0x00000007abf00000,0x00000007ac300000)
 ParOldGen       total 73216K, used 62091K [0x0000000780000000, 0x0000000784780000, 0x00000007aab00000)
  object space 73216K, 84% used [0x0000000780000000,0x0000000783ca2fc8,0x0000000784780000)
 Metaspace       used 7270K, capacity 7367K, committed 7552K, reserved 1056768K
  class space    used 732K, capacity 790K, committed 896K, reserved 1048576K
Event: 20.340 GC heap after
Heap after GC invocations=20 (full 6):
 PSYoungGen      total 20480K, used 144K [0x00000007aab00000, 0x00000007aca00000, 0x00000007c0000000)
  eden space 16384K, 0% used [0x00000007aab00000,0x00000007aab00000,0x00000007abb00000)
  from space 4096K, 3% used [0x00000007abf00000,0x00000007abf24010,0x00000007ac300000)
  to   space 4096K, 0% used [0x00000007abb00000,0x00000007abb00000,0x00000007abf00000)
 ParOldGen       total 73216K, used 70283K [0x0000000780000000, 0x0000000784780000, 0x00000007aab00000)
  object space 73216K, 95% used [0x0000000780000000,0x00000007844a2fd8,0x0000000784780000)
 Metaspace       used 7270K, capacity 7367K, committed 7552K, reserved 1056768K
  class space    used 732K, capacity 790K, committed 896K, reserved 1048576K
}
Event: 20.340 GC heap before
{Heap before GC invocations=21 (full 7):
 PSYoungGen      total 20480K, used 144K [0x00000007aab00000, 0x00000007aca00000, 0x00000007c0000000)
  eden space 16384K, 0% used [0x00000007aab00000,0x00000007aab00000,0x00000007abb00000)
  from space 4096K, 3% used [0x00000007abf00000,0x00000007abf24010,0x00000007ac300000)
  to   space 4096K, 0% used [0x00000007abb00000,0x00000007abb00000,0x00000007abf00000)
 ParOldGen       total 73216K, used 70283K [0x0000000780000000, 0x0000000784780000, 0x00000007aab00000)
  object space 73216K, 95% used [0x0000000780000000,0x00000007844a2fd8,0x0000000784780000)
 Metaspace       used 7270K, capacity 7367K, committed 7552K, reserved 1056768K
  class space    used 732K, capacity 790K, committed 896K, reserved 1048576K
Event: 20.350 GC heap after
Heap after GC invocations=21 (full 7):
 PSYoungGen      total 20480K, used 0K [0x00000007aab00000, 0x00000007aca00000, 0x00000007c0000000)
  eden space 16384K, 0% used [0x00000007aab00000,0x00000007aab00000,0x00000007abb00000)
  from space 4096K, 0% used [0x00000007abf00000,0x00000007abf00000,0x00000007ac300000)
  to   space 4096K, 0% used [0x00000007abb00000,0x00000007abb00000,0x00000007abf00000)
 ParOldGen       total 41472K, used 10285K [0x0000000780000000, 0x0000000782880000, 0x00000007aab00000)
  object space 41472K, 24% used [0x0000000780000000,0x0000000780a0b738,0x0000000782880000)
 Metaspace       used 7270K, capacity 7367K, committed 7552K, reserved 1056768K
  class space    used 732K, capacity 790K, committed 896K, reserved 1048576K
}
Event: 45.119 GC heap before
{Heap before GC invocations=22 (full 7):
 PSYoungGen      total 20480K, used 16384K [0x00000007aab00000, 0x00000007aca00000, 0x00000007c0000000)
  eden space 16384K, 100% used [0x00000007aab00000,0x00000007abb00000,0x00000007abb00000)
  from space 4096K, 0% used [0x00000007abf00000,0x00000007abf00000,0x00000007ac300000)
  to   space 4096K, 0% used [0x00000007abb00000,0x00000007abb00000,0x00000007abf00000)
 ParOldGen       total 41472K, used 10285K [0x0000000780000000, 0x0000000782880000, 0x00000007aab00000)
  object space 41472K, 24% used [0x0000000780000000,0x0000000780a0b738,0x0000000782880000)
 Metaspace       used 11497K, capacity 11585K, committed 11776K, reserved 1060864K
  class space    used 1176K, capacity 1213K, committed 1280K, reserved 1048576K
Event: 45.121 GC heap after
Heap after GC invocations=22 (full 7):
 PSYoungGen      total 20480K, used 1106K [0x00000007aab00000, 0x00000007ac880000, 0x00000007c0000000)
  eden space 16384K, 0% used [0x00000007aab00000,0x00000007aab00000,0x00000007abb00000)
  from space 4096K, 27% used [0x00000007abb00000,0x00000007abc14a40,0x00000007abf00000)
  to   space 4096K, 0% used [0x00000007ac480000,0x00000007ac480000,0x00000007ac880000)
 ParOldGen       total 41472K, used 10384K [0x0000000780000000, 0x0000000782880000, 0x00000007aab00000)
  object space 41472K, 25% used [0x0000000780000000,0x0000000780a24398,0x0000000782880000)
 Metaspace       used 11497K, capacity 11585K, committed 11776K, reserved 1060864K
  class space    used 1176K, capacity 1213K, committed 1280K, reserved 1048576K
}

