# JRE version: Java(TM) SE Runtime Environment (8.0_25-b17) (build 1.8.0_25-b17)
# Java VM: Java HotSpot(TM) 64-Bit Server VM (25.25-b02 mixed mode bsd-amd64 compressed oops)
Heap:
 PSYoungGen      total 19456K, used 12472K [0x00000007aab00000, 0x00000007ac280000, 0x00000007c0000000)
  eden space 15872K, 77% used [0x00000007aab00000,0x00000007ab7161b8,0x00000007aba80000)
  from space 3584K, 2% used [0x00000007abf00000,0x00000007abf18000,0x00000007ac280000)
  to   space 4096K, 0% used [0x00000007aba80000,0x00000007aba80000,0x00000007abe80000)
 ParOldGen       total 44032K, used 31733K [0x0000000780000000, 0x0000000782b00000, 0x00000007aab00000)
  object space 44032K, 72% used [0x0000000780000000,0x0000000781efd448,0x0000000782b00000)
 Metaspace       used 8691K, capacity 8841K, committed 8960K, reserved 1056768K
  class space    used 875K, capacity 919K, committed 1024K, reserved 1048576K
GC Heap History (10 events):
Event: 298.287 GC heap before
{Heap before GC invocations=10 (full 0):
 PSYoungGen      total 16384K, used 15936K [0x00000007aab00000, 0x00000007ac380000, 0x00000007c0000000)
  eden space 15872K, 100% used [0x00000007aab00000,0x00000007aba80000,0x00000007aba80000)
  from space 512K, 12% used [0x00000007aba80000,0x00000007aba90000,0x00000007abb00000)
  to   space 4608K, 0% used [0x00000007abf00000,0x00000007abf00000,0x00000007ac380000)
 ParOldGen       total 44032K, used 31733K [0x0000000780000000, 0x0000000782b00000, 0x00000007aab00000)
  object space 44032K, 72% used [0x0000000780000000,0x0000000781efd448,0x0000000782b00000)
 Metaspace       used 8679K, capacity 8841K, committed 8960K, reserved 1056768K
  class space    used 874K, capacity 919K, committed 1024K, reserved 1048576K
Event: 298.287 GC heap after
Heap after GC invocations=10 (full 0):
 PSYoungGen      total 20480K, used 64K [0x00000007aab00000, 0x00000007ac380000, 0x00000007c0000000)
  eden space 15872K, 0% used [0x00000007aab00000,0x00000007aab00000,0x00000007aba80000)
  from space 4608K, 1% used [0x00000007abf00000,0x00000007abf10000,0x00000007ac380000)
  to   space 4608K, 0% used [0x00000007aba80000,0x00000007aba80000,0x00000007abf00000)
 ParOldGen       total 44032K, used 31733K [0x0000000780000000, 0x0000000782b00000, 0x00000007aab00000)
  object space 44032K, 72% used [0x0000000780000000,0x0000000781efd448,0x0000000782b00000)
 Metaspace       used 8679K, capacity 8841K, committed 8960K, reserved 1056768K
  class space    used 874K, capacity 919K, committed 1024K, reserved 1048576K
}
Event: 334.184 GC heap before
{Heap before GC invocations=11 (full 0):
 PSYoungGen      total 20480K, used 15936K [0x00000007aab00000, 0x00000007ac380000, 0x00000007c0000000)
  eden space 15872K, 100% used [0x00000007aab00000,0x00000007aba80000,0x00000007aba80000)
  from space 4608K, 1% used [0x00000007abf00000,0x00000007abf10000,0x00000007ac380000)
  to   space 4608K, 0% used [0x00000007aba80000,0x00000007aba80000,0x00000007abf00000)
 ParOldGen       total 44032K, used 31733K [0x0000000780000000, 0x0000000782b00000, 0x00000007aab00000)
  object space 44032K, 72% used [0x0000000780000000,0x0000000781efd448,0x0000000782b00000)
 Metaspace       used 8679K, capacity 8841K, committed 8960K, reserved 1056768K
  class space    used 874K, capacity 919K, committed 1024K, reserved 1048576K
Event: 334.185 GC heap after
Heap after GC invocations=11 (full 0):
 PSYoungGen      total 20480K, used 64K [0x00000007aab00000, 0x00000007ac380000, 0x00000007c0000000)
  eden space 15872K, 0% used [0x00000007aab00000,0x00000007aab00000,0x00000007aba80000)
  from space 4608K, 1% used [0x00000007aba80000,0x00000007aba90000,0x00000007abf00000)
  to   space 4608K, 0% used [0x00000007abf00000,0x00000007abf00000,0x00000007ac380000)
 ParOldGen       total 44032K, used 31733K [0x0000000780000000, 0x0000000782b00000, 0x00000007aab00000)
  object space 44032K, 72% used [0x0000000780000000,0x0000000781efd448,0x0000000782b00000)
 Metaspace       used 8679K, capacity 8841K, committed 8960K, reserved 1056768K
  class space    used 874K, capacity 919K, committed 1024K, reserved 1048576K
}
Event: 370.940 GC heap before
{Heap before GC invocations=12 (full 0):
 PSYoungGen      total 20480K, used 15936K [0x00000007aab00000, 0x00000007ac380000, 0x00000007c0000000)
  eden space 15872K, 100% used [0x00000007aab00000,0x00000007aba80000,0x00000007aba80000)
  from space 4608K, 1% used [0x00000007aba80000,0x00000007aba90000,0x00000007abf00000)
  to   space 4608K, 0% used [0x00000007abf00000,0x00000007abf00000,0x00000007ac380000)
 ParOldGen       total 44032K, used 31733K [0x0000000780000000, 0x0000000782b00000, 0x00000007aab00000)
  object space 44032K, 72% used [0x0000000780000000,0x0000000781efd448,0x0000000782b00000)
 Metaspace       used 8679K, capacity 8841K, committed 8960K, reserved 1056768K
  class space    used 874K, capacity 919K, committed 1024K, reserved 1048576K
Event: 370.940 GC heap after
Heap after GC invocations=12 (full 0):
 PSYoungGen      total 20480K, used 64K [0x00000007aab00000, 0x00000007ac380000, 0x00000007c0000000)
  eden space 15872K, 0% used [0x00000007aab00000,0x00000007aab00000,0x00000007aba80000)
  from space 4608K, 1% used [0x00000007abf00000,0x00000007abf10000,0x00000007ac380000)
  to   space 4608K, 0% used [0x00000007aba80000,0x00000007aba80000,0x00000007abf00000)
 ParOldGen       total 44032K, used 31733K [0x0000000780000000, 0x0000000782b00000, 0x00000007aab00000)
  object space 44032K, 72% used [0x0000000780000000,0x0000000781efd448,0x0000000782b00000)
 Metaspace       used 8679K, capacity 8841K, committed 8960K, reserved 1056768K
  class space    used 874K, capacity 919K, committed 1024K, reserved 1048576K
}
Event: 407.600 GC heap before
{Heap before GC invocations=13 (full 0):
 PSYoungGen      total 20480K, used 15936K [0x00000007aab00000, 0x00000007ac380000, 0x00000007c0000000)
  eden space 15872K, 100% used [0x00000007aab00000,0x00000007aba80000,0x00000007aba80000)
  from space 4608K, 1% used [0x00000007abf00000,0x00000007abf10000,0x00000007ac380000)
  to   space 4608K, 0% used [0x00000007aba80000,0x00000007aba80000,0x00000007abf00000)
 ParOldGen       total 44032K, used 31733K [0x0000000780000000, 0x0000000782b00000, 0x00000007aab00000)
  object space 44032K, 72% used [0x0000000780000000,0x0000000781efd448,0x0000000782b00000)
 Metaspace       used 8679K, capacity 8841K, committed 8960K, reserved 1056768K
  class space    used 874K, capacity 919K, committed 1024K, reserved 1048576K
Event: 407.601 GC heap after
Heap after GC invocations=13 (full 0):
 PSYoungGen      total 20480K, used 64K [0x00000007aab00000, 0x00000007ac380000, 0x00000007c0000000)
  eden space 15872K, 0% used [0x00000007aab00000,0x00000007aab00000,0x00000007aba80000)
  from space 4608K, 1% used [0x00000007aba80000,0x00000007aba90000,0x00000007abf00000)
  to   space 4608K, 0% used [0x00000007abf00000,0x00000007abf00000,0x00000007ac380000)
 ParOldGen       total 44032K, used 31733K [0x0000000780000000, 0x0000000782b00000, 0x00000007aab00000)
  object space 44032K, 72% used [0x0000000780000000,0x0000000781efd448,0x0000000782b00000)
 Metaspace       used 8679K, capacity 8841K, committed 8960K, reserved 1056768K
  class space    used 874K, capacity 919K, committed 1024K, reserved 1048576K
}
Event: 444.075 GC heap before
{Heap before GC invocations=14 (full 0):
 PSYoungGen      total 20480K, used 15936K [0x00000007aab00000, 0x00000007ac380000, 0x00000007c0000000)
  eden space 15872K, 100% used [0x00000007aab00000,0x00000007aba80000,0x00000007aba80000)
  from space 4608K, 1% used [0x00000007aba80000,0x00000007aba90000,0x00000007abf00000)
  to   space 4608K, 0% used [0x00000007abf00000,0x00000007abf00000,0x00000007ac380000)
 ParOldGen       total 44032K, used 31733K [0x0000000780000000, 0x0000000782b00000, 0x00000007aab00000)
  object space 44032K, 72% used [0x0000000780000000,0x0000000781efd448,0x0000000782b00000)
 Metaspace       used 8679K, capacity 8841K, committed 8960K, reserved 1056768K
  class space    used 874K, capacity 919K, committed 1024K, reserved 1048576K
Event: 444.076 GC heap after
Heap after GC invocations=14 (full 0):
 PSYoungGen      total 19456K, used 96K [0x00000007aab00000, 0x00000007ac280000, 0x00000007c0000000)
  eden space 15872K, 0% used [0x00000007aab00000,0x00000007aab00000,0x00000007aba80000)
  from space 3584K, 2% used [0x00000007abf00000,0x00000007abf18000,0x00000007ac280000)
  to   space 4096K, 0% used [0x00000007aba80000,0x00000007aba80000,0x00000007abe80000)
 ParOldGen       total 44032K, used 31733K [0x0000000780000000, 0x0000000782b00000, 0x00000007aab00000)
  object space 44032K, 72% used [0x0000000780000000,0x0000000781efd448,0x0000000782b00000)
 Metaspace       used 8679K, capacity 8841K, committed 8960K, reserved 1056768K
  class space    used 874K, capacity 919K, committed 1024K, reserved 1048576K
}

