# JRE version: Java(TM) SE Runtime Environment (8.0_25-b17) (build 1.8.0_25-b17)
# Java VM: Java HotSpot(TM) 64-Bit Server VM (25.25-b02 mixed mode bsd-amd64 compressed oops)
Heap:
 PSYoungGen      total 20480K, used 16130K [0x00000007aab00000, 0x00000007aca00000, 0x00000007c0000000)
  eden space 16384K, 98% used [0x00000007aab00000,0x00000007abac08f8,0x00000007abb00000)
  from space 4096K, 0% used [0x00000007abf00000,0x00000007abf00000,0x00000007ac300000)
  to   space 4096K, 0% used [0x00000007abb00000,0x00000007abb00000,0x00000007abf00000)
 ParOldGen       total 41472K, used 10284K [0x0000000780000000, 0x0000000782880000, 0x00000007aab00000)
  object space 41472K, 24% used [0x0000000780000000,0x0000000780a0b218,0x0000000782880000)
 Metaspace       used 11524K, capacity 11713K, committed 12032K, reserved 1060864K
  class space    used 1176K, capacity 1213K, committed 1280K, reserved 1048576K
GC Heap History (10 events):
Event: 18.678 GC heap before
{Heap before GC invocations=16 (full 5):
 PSYoungGen      total 20992K, used 15993K [0x00000007aab00000, 0x00000007ac400000, 0x00000007c0000000)
  eden space 16384K, 94% used [0x00000007aab00000,0x00000007aba20a28,0x00000007abb00000)
  from space 4608K, 10% used [0x00000007abb00000,0x00000007abb7da20,0x00000007abf80000)
  to   space 4608K, 0% used [0x00000007abf80000,0x00000007abf80000,0x00000007ac400000)
 ParOldGen       total 325120K, used 320667K [0x0000000780000000, 0x0000000793d80000, 0x00000007aab00000)
  object space 325120K, 98% used [0x0000000780000000,0x0000000793926fd8,0x0000000793d80000)
 Metaspace       used 7252K, capacity 7367K, committed 7552K, reserved 1056768K
  class space    used 732K, capacity 790K, committed 896K, reserved 1048576K
Event: 18.701 GC heap after
Heap after GC invocations=16 (full 5):
 PSYoungGen      total 20992K, used 0K [0x00000007aab00000, 0x00000007ac400000, 0x00000007c0000000)
  eden space 16384K, 0% used [0x00000007aab00000,0x00000007aab00000,0x00000007abb00000)
  from space 4608K, 0% used [0x00000007abb00000,0x00000007abb00000,0x00000007abf80000)
  to   space 4608K, 0% used [0x00000007abf80000,0x00000007abf80000,0x00000007ac400000)
 ParOldGen       total 30720K, used 4520K [0x0000000780000000, 0x0000000781e00000, 0x00000007aab00000)
  object space 30720K, 14% used [0x0000000780000000,0x000000078046a168,0x0000000781e00000)
 Metaspace       used 7252K, capacity 7367K, committed 7552K, reserved 1056768K
  class space    used 732K, capacity 790K, committed 896K, reserved 1048576K
}
Event: 19.081 GC heap before
{Heap before GC invocations=17 (full 5):
 PSYoungGen      total 20992K, used 15390K [0x00000007aab00000, 0x00000007ac400000, 0x00000007c0000000)
  eden space 16384K, 93% used [0x00000007aab00000,0x00000007aba07b88,0x00000007abb00000)
  from space 4608K, 0% used [0x00000007abb00000,0x00000007abb00000,0x00000007abf80000)
  to   space 4608K, 0% used [0x00000007abf80000,0x00000007abf80000,0x00000007ac400000)
 ParOldGen       total 43520K, used 33364K [0x0000000780000000, 0x0000000782a80000, 0x00000007aab00000)
  object space 43520K, 76% used [0x0000000780000000,0x00000007820953d0,0x0000000782a80000)
 Metaspace       used 7252K, capacity 7367K, committed 7552K, reserved 1056768K
  class space    used 732K, capacity 790K, committed 896K, reserved 1048576K
Event: 19.082 GC heap after
Heap after GC invocations=17 (full 5):
 PSYoungGen      total 20992K, used 1541K [0x00000007aab00000, 0x00000007ac400000, 0x00000007c0000000)
  eden space 16384K, 0% used [0x00000007aab00000,0x00000007aab00000,0x00000007abb00000)
  from space 4608K, 33% used [0x00000007abf80000,0x00000007ac101640,0x00000007ac400000)
  to   space 4608K, 0% used [0x00000007abb00000,0x00000007abb00000,0x00000007abf80000)
 ParOldGen       total 43520K, used 33364K [0x0000000780000000, 0x0000000782a80000, 0x00000007aab00000)
  object space 43520K, 76% used [0x0000000780000000,0x00000007820953d0,0x0000000782a80000)
 Metaspace       used 7252K, capacity 7367K, committed 7552K, reserved 1056768K
  class space    used 732K, capacity 790K, committed 896K, reserved 1048576K
}
Event: 19.460 GC heap before
{Heap before GC invocations=18 (full 5):
 PSYoungGen      total 20992K, used 17487K [0x00000007aab00000, 0x00000007ac400000, 0x00000007c0000000)
  eden space 16384K, 97% used [0x00000007aab00000,0x00000007aba928c8,0x00000007abb00000)
  from space 4608K, 33% used [0x00000007abf80000,0x00000007ac101640,0x00000007ac400000)
  to   space 4608K, 0% used [0x00000007abb00000,0x00000007abb00000,0x00000007abf80000)
 ParOldGen       total 73216K, used 62091K [0x0000000780000000, 0x0000000784780000, 0x00000007aab00000)
  object space 73216K, 84% used [0x0000000780000000,0x0000000783ca2e58,0x0000000784780000)
 Metaspace       used 7252K, capacity 7367K, committed 7552K, reserved 1056768K
  class space    used 732K, capacity 790K, committed 896K, reserved 1048576K
Event: 19.461 GC heap after
Heap after GC invocations=18 (full 5):
 PSYoungGen      total 17408K, used 757K [0x00000007aab00000, 0x00000007ac300000, 0x00000007c0000000)
  eden space 16384K, 0% used [0x00000007aab00000,0x00000007aab00000,0x00000007abb00000)
  from space 1024K, 73% used [0x00000007abb00000,0x00000007abbbd650,0x00000007abc00000)
  to   space 4096K, 0% used [0x00000007abf00000,0x00000007abf00000,0x00000007ac300000)
 ParOldGen       total 73216K, used 62091K [0x0000000780000000, 0x0000000784780000, 0x00000007aab00000)
  object space 73216K, 84% used [0x0000000780000000,0x0000000783ca2e58,0x0000000784780000)
 Metaspace       used 7252K, capacity 7367K, committed 7552K, reserved 1056768K
  class space    used 732K, capacity 790K, committed 896K, reserved 1048576K
}
Event: 19.674 GC heap before
{Heap before GC invocations=19 (full 5):
 PSYoungGen      total 17408K, used 16957K [0x00000007aab00000, 0x00000007ac300000, 0x00000007c0000000)
  eden space 16384K, 98% used [0x00000007aab00000,0x00000007abad1f20,0x00000007abb00000)
  from space 1024K, 73% used [0x00000007abb00000,0x00000007abbbd650,0x00000007abc00000)
  to   space 4096K, 0% used [0x00000007abf00000,0x00000007abf00000,0x00000007ac300000)
 ParOldGen       total 73216K, used 62091K [0x0000000780000000, 0x0000000784780000, 0x00000007aab00000)
  object space 73216K, 84% used [0x0000000780000000,0x0000000783ca2e58,0x0000000784780000)
 Metaspace       used 7252K, capacity 7367K, committed 7552K, reserved 1056768K
  class space    used 732K, capacity 790K, committed 896K, reserved 1048576K
Event: 19.679 GC heap after
Heap after GC invocations=19 (full 5):
 PSYoungGen      total 20480K, used 160K [0x00000007aab00000, 0x00000007aca00000, 0x00000007c0000000)
  eden space 16384K, 0% used [0x00000007aab00000,0x00000007aab00000,0x00000007abb00000)
  from space 4096K, 3% used [0x00000007abf00000,0x00000007abf28000,0x00000007ac300000)
  to   space 4096K, 0% used [0x00000007abb00000,0x00000007abb00000,0x00000007abf00000)
 ParOldGen       total 73216K, used 70283K [0x0000000780000000, 0x0000000784780000, 0x00000007aab00000)
  object space 73216K, 95% used [0x0000000780000000,0x00000007844a2e68,0x0000000784780000)
 Metaspace       used 7252K, capacity 7367K, committed 7552K, reserved 1056768K
  class space    used 732K, capacity 790K, committed 896K, reserved 1048576K
}
Event: 19.679 GC heap before
{Heap before GC invocations=20 (full 6):
 PSYoungGen      total 20480K, used 160K [0x00000007aab00000, 0x00000007aca00000, 0x00000007c0000000)
  eden space 16384K, 0% used [0x00000007aab00000,0x00000007aab00000,0x00000007abb00000)
  from space 4096K, 3% used [0x00000007abf00000,0x00000007abf28000,0x00000007ac300000)
  to   space 4096K, 0% used [0x00000007abb00000,0x00000007abb00000,0x00000007abf00000)
 ParOldGen       total 73216K, used 70283K [0x0000000780000000, 0x0000000784780000, 0x00000007aab00000)
  object space 73216K, 95% used [0x0000000780000000,0x00000007844a2e68,0x0000000784780000)
 Metaspace       used 7252K, capacity 7367K, committed 7552K, reserved 1056768K
  class space    used 732K, capacity 790K, committed 896K, reserved 1048576K
Event: 19.689 GC heap after
Heap after GC invocations=20 (full 6):
 PSYoungGen      total 20480K, used 0K [0x00000007aab00000, 0x00000007aca00000, 0x00000007c0000000)
  eden space 16384K, 0% used [0x00000007aab00000,0x00000007aab00000,0x00000007abb00000)
  from space 4096K, 0% used [0x00000007abf00000,0x00000007abf00000,0x00000007ac300000)
  to   space 4096K, 0% used [0x00000007abb00000,0x00000007abb00000,0x00000007abf00000)
 ParOldGen       total 41472K, used 10284K [0x0000000780000000, 0x0000000782880000, 0x00000007aab00000)
  object space 41472K, 24% used [0x0000000780000000,0x0000000780a0b218,0x0000000782880000)
 Metaspace       used 7252K, capacity 7367K, committed 7552K, reserved 1056768K
  class space    used 732K, capacity 790K, committed 896K, reserved 1048576K
}

