# JRE version: Java(TM) SE Runtime Environment (8.0_25-b17) (build 1.8.0_25-b17)
# Java VM: Java HotSpot(TM) 64-Bit Server VM (25.25-b02 mixed mode bsd-amd64 compressed oops)
Heap:
 PSYoungGen      total 18944K, used 10266K [0x0000000142900000, 0x0000000143e00000, 0x0000000157e00000)
  eden space 16384K, 54% used [0x0000000142900000,0x00000001431ca898,0x0000000143900000)
  from space 2560K, 49% used [0x0000000143b80000,0x0000000143cbc030,0x0000000143e00000)
  to   space 2560K, 0% used [0x0000000143900000,0x0000000143900000,0x0000000143b80000)
 ParOldGen       total 105472K, used 79219K [0x0000000117e00000, 0x000000011e500000, 0x0000000142900000)
  object space 105472K, 75% used [0x0000000117e00000,0x000000011cb5cc50,0x000000011e500000)
 Metaspace       used 8680K, capacity 8841K, committed 8960K, reserved 1056768K
  class space    used 877K, capacity 919K, committed 1024K, reserved 1048576K
GC Heap History (4 events):
Event: 1.431 GC heap before
{Heap before GC invocations=1 (full 0):
 PSYoungGen      total 18944K, used 14483K [0x0000000142900000, 0x0000000143e00000, 0x0000000157e00000)
  eden space 16384K, 88% used [0x0000000142900000,0x0000000143724e70,0x0000000143900000)
  from space 2560K, 0% used [0x0000000143b80000,0x0000000143b80000,0x0000000143e00000)
  to   space 2560K, 0% used [0x0000000143900000,0x0000000143900000,0x0000000143b80000)
 ParOldGen       total 44032K, used 0K [0x0000000117e00000, 0x000000011a900000, 0x0000000142900000)
  object space 44032K, 0% used [0x0000000117e00000,0x0000000117e00000,0x000000011a900000)
 Metaspace       used 8344K, capacity 8521K, committed 8704K, reserved 1056768K
  class space    used 864K, capacity 919K, committed 1024K, reserved 1048576K
Event: 1.438 GC heap after
Heap after GC invocations=1 (full 0):
 PSYoungGen      total 18944K, used 2546K [0x0000000142900000, 0x0000000143e00000, 0x0000000157e00000)
  eden space 16384K, 0% used [0x0000000142900000,0x0000000142900000,0x0000000143900000)
  from space 2560K, 99% used [0x0000000143900000,0x0000000143b7ca90,0x0000000143b80000)
  to   space 2560K, 0% used [0x0000000143b80000,0x0000000143b80000,0x0000000143e00000)
 ParOldGen       total 44032K, used 2281K [0x0000000117e00000, 0x000000011a900000, 0x0000000142900000)
  object space 44032K, 5% used [0x0000000117e00000,0x000000011803a748,0x000000011a900000)
 Metaspace       used 8344K, capacity 8521K, committed 8704K, reserved 1056768K
  class space    used 864K, capacity 919K, committed 1024K, reserved 1048576K
}
Event: 4.791 GC heap before
{Heap before GC invocations=2 (full 0):
 PSYoungGen      total 18944K, used 18930K [0x0000000142900000, 0x0000000143e00000, 0x0000000157e00000)
  eden space 16384K, 100% used [0x0000000142900000,0x0000000143900000,0x0000000143900000)
  from space 2560K, 99% used [0x0000000143900000,0x0000000143b7ca90,0x0000000143b80000)
  to   space 2560K, 0% used [0x0000000143b80000,0x0000000143b80000,0x0000000143e00000)
 ParOldGen       total 105472K, used 79211K [0x0000000117e00000, 0x000000011e500000, 0x0000000142900000)
  object space 105472K, 75% used [0x0000000117e00000,0x000000011cb5ac50,0x000000011e500000)
 Metaspace       used 8568K, capacity 8713K, committed 8960K, reserved 1056768K
  class space    used 873K, capacity 919K, committed 1024K, reserved 1048576K
Event: 4.794 GC heap after
Heap after GC invocations=2 (full 0):
 PSYoungGen      total 18944K, used 1264K [0x0000000142900000, 0x0000000143e00000, 0x0000000157e00000)
  eden space 16384K, 0% used [0x0000000142900000,0x0000000142900000,0x0000000143900000)
  from space 2560K, 49% used [0x0000000143b80000,0x0000000143cbc030,0x0000000143e00000)
  to   space 2560K, 0% used [0x0000000143900000,0x0000000143900000,0x0000000143b80000)
 ParOldGen       total 105472K, used 79219K [0x0000000117e00000, 0x000000011e500000, 0x0000000142900000)
  object space 105472K, 75% used [0x0000000117e00000,0x000000011cb5cc50,0x000000011e500000)
 Metaspace       used 8568K, capacity 8713K, committed 8960K, reserved 1056768K
  class space    used 873K, capacity 919K, committed 1024K, reserved 1048576K
}

