# JRE version: Java(TM) SE Runtime Environment (8.0_25-b17) (build 1.8.0_25-b17)
# Java VM: Java HotSpot(TM) 64-Bit Server VM (25.25-b02 mixed mode bsd-amd64 compressed oops)
Heap:
 PSYoungGen      total 18944K, used 3751K [0x00000007aab00000, 0x00000007ac000000, 0x00000007c0000000)
  eden space 16384K, 15% used [0x00000007aab00000,0x00000007aad69fb8,0x00000007abb00000)
  from space 2560K, 50% used [0x00000007abd80000,0x00000007abec0020,0x00000007ac000000)
  to   space 2560K, 0% used [0x00000007abb00000,0x00000007abb00000,0x00000007abd80000)
 ParOldGen       total 105472K, used 79189K [0x0000000780000000, 0x0000000786700000, 0x00000007aab00000)
  object space 105472K, 75% used [0x0000000780000000,0x0000000784d55510,0x0000000786700000)
 Metaspace       used 8667K, capacity 8777K, committed 8960K, reserved 1056768K
  class space    used 877K, capacity 919K, committed 1024K, reserved 1048576K
GC Heap History (4 events):
Event: 1.009 GC heap before
{Heap before GC invocations=1 (full 0):
 PSYoungGen      total 18944K, used 14739K [0x00000007aab00000, 0x00000007ac000000, 0x00000007c0000000)
  eden space 16384K, 89% used [0x00000007aab00000,0x00000007ab964e78,0x00000007abb00000)
  from space 2560K, 0% used [0x00000007abd80000,0x00000007abd80000,0x00000007ac000000)
  to   space 2560K, 0% used [0x00000007abb00000,0x00000007abb00000,0x00000007abd80000)
 ParOldGen       total 44032K, used 0K [0x0000000780000000, 0x0000000782b00000, 0x00000007aab00000)
  object space 44032K, 0% used [0x0000000780000000,0x0000000780000000,0x0000000782b00000)
 Metaspace       used 8340K, capacity 8521K, committed 8704K, reserved 1056768K
  class space    used 864K, capacity 919K, committed 1024K, reserved 1048576K
Event: 1.015 GC heap after
Heap after GC invocations=1 (full 0):
 PSYoungGen      total 18944K, used 2546K [0x00000007aab00000, 0x00000007ac000000, 0x00000007c0000000)
  eden space 16384K, 0% used [0x00000007aab00000,0x00000007aab00000,0x00000007abb00000)
  from space 2560K, 99% used [0x00000007abb00000,0x00000007abd7ca50,0x00000007abd80000)
  to   space 2560K, 0% used [0x00000007abd80000,0x00000007abd80000,0x00000007ac000000)
 ParOldGen       total 44032K, used 2252K [0x0000000780000000, 0x0000000782b00000, 0x00000007aab00000)
  object space 44032K, 5% used [0x0000000780000000,0x0000000780233008,0x0000000782b00000)
 Metaspace       used 8340K, capacity 8521K, committed 8704K, reserved 1056768K
  class space    used 864K, capacity 919K, committed 1024K, reserved 1048576K
}
Event: 2.807 GC heap before
{Heap before GC invocations=2 (full 0):
 PSYoungGen      total 18944K, used 18930K [0x00000007aab00000, 0x00000007ac000000, 0x00000007c0000000)
  eden space 16384K, 100% used [0x00000007aab00000,0x00000007abb00000,0x00000007abb00000)
  from space 2560K, 99% used [0x00000007abb00000,0x00000007abd7ca50,0x00000007abd80000)
  to   space 2560K, 0% used [0x00000007abd80000,0x00000007abd80000,0x00000007ac000000)
 ParOldGen       total 105472K, used 79181K [0x0000000780000000, 0x0000000786700000, 0x00000007aab00000)
  object space 105472K, 75% used [0x0000000780000000,0x0000000784d53510,0x0000000786700000)
 Metaspace       used 8495K, capacity 8585K, committed 8704K, reserved 1056768K
  class space    used 877K, capacity 919K, committed 1024K, reserved 1048576K
Event: 2.811 GC heap after
Heap after GC invocations=2 (full 0):
 PSYoungGen      total 18944K, used 1280K [0x00000007aab00000, 0x00000007ac000000, 0x00000007c0000000)
  eden space 16384K, 0% used [0x00000007aab00000,0x00000007aab00000,0x00000007abb00000)
  from space 2560K, 50% used [0x00000007abd80000,0x00000007abec0020,0x00000007ac000000)
  to   space 2560K, 0% used [0x00000007abb00000,0x00000007abb00000,0x00000007abd80000)
 ParOldGen       total 105472K, used 79189K [0x0000000780000000, 0x0000000786700000, 0x00000007aab00000)
  object space 105472K, 75% used [0x0000000780000000,0x0000000784d55510,0x0000000786700000)
 Metaspace       used 8495K, capacity 8585K, committed 8704K, reserved 1056768K
  class space    used 877K, capacity 919K, committed 1024K, reserved 1048576K
}

